Encerrando processos residuais do Chrome...
Ativando ambiente virtual...
Executando o script principal da RPA...
2025-09-25 08:10:35,603 [INFO] - ============================================================
2025-09-25 08:10:35,603 [INFO] - INICIANDO NOVA EXECU칂츾O DA RPA
2025-09-25 08:10:35,603 [INFO] - ============================================================
[OK] Banco de dados 'rpa_refatorado.db' verificado com sucesso.
2025-09-25 08:10:35,817 [INFO] - FASE 1: LOGIN E CONFIGURA칂츾O DA SESS츾O
[游깷] Abrindo Google Chrome com depura칞칚o remota...
Usando perfil em: /Users/rildonpimentelpereira/chrome-dev-profile-onenotify
[九] Chrome aberto.

DevTools listening on ws://127.0.0.1:9222/devtools/browser/39aabe92-93e5-4cbf-a9d7-b5d086605a89
--- M칍DULO DE LOGIN AUTOM츼TICO (SOLU칂츾O DEFINITIVA) ---
[>>] Garantindo que o Chrome est치 em execu칞칚o via: /Users/rildonpimentelpereira/GitHub/OneNotify/abrir_chrome.sh
    Tentativa de conex칚o n췈 1...
[OK] Conectado com sucesso ao navegador!
[INFO] Abrindo extens칚o e ativando 'escutador' para a nova p치gina...
[INFO] Clicando em ACESSAR. O rob칪 agora aguarda a nova p치gina ser criada...
[OK] Nova p치gina capturada! URL inicial: chrome-extension://lnidijeaekolpfeckelhkomndglcglhh/index.html
[INFO] Aguardando o elemento de confirma칞칚o ('#aPaginaInicial') na p치gina capturada...

============================================================
[ERRO CR칈TICO] Falha grave durante o processo de login automatizado.
Detalhes do erro: Locator.wait_for: Target page, context or browser has been closed
============================================================

2025-09-25 08:10:38,569 [CRITICAL] - Ocorreu uma falha inesperada na automa칞칚o.
Traceback (most recent call last):
  File "/Users/rildonpimentelpereira/GitHub/OneNotify/main.py", line 49, in main
    browser, context, browser_process_ref, page = realizar_login_automatico(playwright)
  File "/Users/rildonpimentelpereira/GitHub/OneNotify/autologin.py", line 78, in realizar_login_automatico
    portal_page.locator("#aPaginaInicial").wait_for(state="visible", timeout=90000)
  File "/Users/rildonpimentelpereira/GitHub/OneNotify/venv/lib/python3.9/site-packages/playwright/sync_api/_generated.py", line 17975, in wait_for
    self._sync(self._impl_obj.wait_for(timeout=timeout, state=state))
  File "/Users/rildonpimentelpereira/GitHub/OneNotify/venv/lib/python3.9/site-packages/playwright/_impl/_sync_base.py", line 115, in _sync
    return task.result()
  File "/Users/rildonpimentelpereira/GitHub/OneNotify/venv/lib/python3.9/site-packages/playwright/_impl/_locator.py", line 692, in wait_for
    await self._frame.wait_for_selector(
  File "/Users/rildonpimentelpereira/GitHub/OneNotify/venv/lib/python3.9/site-packages/playwright/_impl/_frame.py", line 369, in wait_for_selector
    await self._channel.send(
  File "/Users/rildonpimentelpereira/GitHub/OneNotify/venv/lib/python3.9/site-packages/playwright/_impl/_connection.py", line 69, in send
    return await self._connection.wrap_api_call(
  File "/Users/rildonpimentelpereira/GitHub/OneNotify/venv/lib/python3.9/site-packages/playwright/_impl/_connection.py", line 558, in wrap_api_call
    raise rewrite_error(error, f"{parsed_st['apiName']}: {error}") from None
playwright._impl._errors.TargetClosedError: Locator.wait_for: Target page, context or browser has been closed
2025-09-25 08:10:38,570 [INFO] - Finalizando a automa칞칚o e fechando o navegador.
2025-09-25 08:10:38,570 [ERROR] - ERRO ao salvar log de execu칞칚o: table logs_execucao has no column named andamentos
Traceback (most recent call last):
  File "/Users/rildonpimentelpereira/GitHub/OneNotify/database.py", line 143, in salvar_log_execucao
    cursor.execute(query, list(log_data.values()))
sqlite3.OperationalError: table logs_execucao has no column named andamentos
2025-09-25 08:10:38,571 [INFO] - 
============================================================
RESUMO FINAL DA EXECU칂츾O (25/09/2025 08:10:38)
============================================================
- Dura칞칚o Total: 2.75 segundos
- Notifica칞칫es Salvas: 0
- NPJs com Sucesso: 0
- NPJs com Falha: 0
============================================================

Desativando ambiente virtual...
Trying to load the allocator multiple times. This is *not* supported.
Created TensorFlow Lite XNNPACK delegate for CPU.
[89438:3689508:0925/081040.594016:ERROR:google_apis/gcm/engine/registration_request.cc:291] Registration response error message: DEPRECATED_ENDPOINT
[89517:3690055:0925/081055.169309:VERBOSE1:chrome/updater/updater.cc:411] Version: 142.0.7416.0, opt, ARM_64, command line: /Users/rildonpimentelpereira/Library/Application Support/Google/GoogleUpdater/142.0.7416.0/GoogleUpdater.app/Contents/MacOS/GoogleUpdater --wake-all --enable-logging --vmodule=*/components/update_client/*=2,*/chrome/enterprise_companion/*=2,*/chrome/updater/*=2
[89517:3690055:0925/081055.169482:VERBOSE1:chrome/updater/updater.cc:414] OS version: 15.6.1, System uptime (seconds): 239112, parent pid: 89438
[89519:3690059:0925/081055.176385:VERBOSE1:chrome/updater/updater.cc:411] Version: 142.0.7416.0, opt, ARM_64, command line: /Users/rildonpimentelpereira/Library/Application Support/Google/GoogleUpdater/142.0.7416.0/GoogleUpdater.app/Contents/MacOS/GoogleUpdater --crash-handler --database=/Users/rildonpimentelpereira/Library/Application Support/Google/GoogleUpdater/142.0.7416.0/Crashpad --url=https://clients2.google.com/cr/report --annotation=prod=Update4 --annotation=ver=142.0.7416.0 --handshake-fd=5 --enable-logging --vmodule=*/components/update_client/*=2,*/chrome/enterprise_companion/*=2,*/chrome/updater/*=2
[89519:3690059:0925/081055.176497:VERBOSE1:chrome/updater/updater.cc:414] OS version: 15.6.1, System uptime (seconds): 239112, parent pid: 1
[89517:3690055:0925/081055.178117:VERBOSE1:chrome/updater/crash_reporter.cc:120] Crash handler launched and ready.
[89517:3690055:0925/081055.178605:VERBOSE1:chrome/updater/crash_client.cc:106] Found 0 completed crash reports
[89517:3690055:0925/081055.178655:VERBOSE1:chrome/updater/crash_client.cc:124] Found 0 pending crash reports
[89517:3690055:0925/081055.178769:VERBOSE1:chrome/updater/updater.cc:97] Crash reporting initialized.
[89517:3690067:0925/081055.178980:VERBOSE1:chrome/updater/app/app_wakeall.cc:57] Launching `/Users/rildonpimentelpereira/Library/Application Support/Google/GoogleUpdater/142.0.7416.0/GoogleUpdater.app/Contents/MacOS/GoogleUpdater --wake`
[89520:3690071:0925/081055.183598:VERBOSE1:chrome/updater/updater.cc:411] Version: 142.0.7416.0, opt, ARM_64, command line: /Users/rildonpimentelpereira/Library/Application Support/Google/GoogleUpdater/142.0.7416.0/GoogleUpdater.app/Contents/MacOS/GoogleUpdater --wake --enable-logging --vmodule=*/components/update_client/*=2,*/chrome/enterprise_companion/*=2,*/chrome/updater/*=2
[89520:3690071:0925/081055.183702:VERBOSE1:chrome/updater/updater.cc:414] OS version: 15.6.1, System uptime (seconds): 239112, parent pid: 89517
[89522:3690075:0925/081055.189470:VERBOSE1:chrome/updater/updater.cc:411] Version: 142.0.7416.0, opt, ARM_64, command line: /Users/rildonpimentelpereira/Library/Application Support/Google/GoogleUpdater/142.0.7416.0/GoogleUpdater.app/Contents/MacOS/GoogleUpdater --crash-handler --database=/Users/rildonpimentelpereira/Library/Application Support/Google/GoogleUpdater/142.0.7416.0/Crashpad --url=https://clients2.google.com/cr/report --annotation=prod=Update4 --annotation=ver=142.0.7416.0 --handshake-fd=5 --enable-logging --vmodule=*/components/update_client/*=2,*/chrome/enterprise_companion/*=2,*/chrome/updater/*=2
[89522:3690075:0925/081055.189571:VERBOSE1:chrome/updater/updater.cc:414] OS version: 15.6.1, System uptime (seconds): 239112, parent pid: 1
[89520:3690071:0925/081055.190936:VERBOSE1:chrome/updater/crash_reporter.cc:120] Crash handler launched and ready.
[89520:3690071:0925/081055.191345:VERBOSE1:chrome/updater/crash_client.cc:106] Found 0 completed crash reports
[89520:3690071:0925/081055.191400:VERBOSE1:chrome/updater/crash_client.cc:124] Found 0 pending crash reports
[89520:3690071:0925/081055.191501:VERBOSE1:chrome/updater/updater.cc:97] Crash reporting initialized.
[89520:3690071:0925/081055.191620:VERBOSE1:chrome/updater/ipc/update_service_internal_proxy_posix.cc:100] Run
[89438:3689508:0925/081104.131459:ERROR:google_apis/gcm/engine/registration_request.cc:291] Registration response error message: DEPRECATED_ENDPOINT
[89520:3690071:0925/081111.739639:VERBOSE1:chrome/updater/updater.cc:423] UpdaterMain (--wake) returned 0.
[89517:3690067:0925/081112.004931:VERBOSE1:chrome/updater/app/app_wakeall.cc:67] `/Users/rildonpimentelpereira/Library/Application Support/Google/GoogleUpdater/142.0.7416.0/GoogleUpdater.app/Contents/MacOS/GoogleUpdater --wake` exited 0
[89517:3690055:0925/081112.006045:VERBOSE1:chrome/updater/updater.cc:423] UpdaterMain (--wake-all) returned 0.
[89522:3690075:0925/081121.752558:VERBOSE1:chrome/updater/updater.cc:423] UpdaterMain (--crash-handler) returned 0.
[89519:3690059:0925/081121.756541:VERBOSE1:chrome/updater/updater.cc:423] UpdaterMain (--crash-handler) returned 0.
